# JRE version: OpenJDK Runtime Environment (11.0.10) (build 11.0.10+0-b96-7249189)
# Java VM: OpenJDK 64-Bit Server VM (11.0.10+0-b96-7249189, mixed mode, tiered, compressed oops, g1 gc, windows-amd64)
Heap:
 garbage-first heap   total 307200K, used 155391K [0x0000000080000000, 0x0000000100000000)
  region size 1024K, 4 young (4096K), 4 survivors (4096K)
 Metaspace       used 121197K, capacity 124047K, committed 124400K, reserved 1157120K
  class space    used 15320K, capacity 16401K, committed 16500K, reserved 1048576K
GC Heap History (20 events):
Event: 39.521 GC heap after
{Heap after GC invocations=52 (full 0):
 garbage-first heap   total 187392K, used 100405K [0x0000000080000000, 0x0000000100000000)
  region size 1024K, 4 young (4096K), 4 survivors (4096K)
 Metaspace       used 120058K, capacity 122860K, committed 122992K, reserved 1157120K
  class space    used 15241K, capacity 16313K, committed 16372K, reserved 1048576K
}
Event: 39.761 GC heap before
{Heap before GC invocations=53 (full 0):
 garbage-first heap   total 187392K, used 130101K [0x0000000080000000, 0x0000000100000000)
  region size 1024K, 30 young (30720K), 4 survivors (4096K)
 Metaspace       used 120173K, capacity 122999K, committed 123248K, reserved 1157120K
  class space    used 15248K, capacity 16316K, committed 16372K, reserved 1048576K
}
Event: 39.772 GC heap after
{Heap after GC invocations=54 (full 0):
 garbage-first heap   total 187392K, used 112738K [0x0000000080000000, 0x0000000100000000)
  region size 1024K, 4 young (4096K), 4 survivors (4096K)
 Metaspace       used 120173K, capacity 122999K, committed 123248K, reserved 1157120K
  class space    used 15248K, capacity 16316K, committed 16372K, reserved 1048576K
}
Event: 39.976 GC heap before
{Heap before GC invocations=54 (full 0):
 garbage-first heap   total 187392K, used 135266K [0x0000000080000000, 0x0000000100000000)
  region size 1024K, 27 young (27648K), 4 survivors (4096K)
 Metaspace       used 120770K, capacity 123626K, committed 123888K, reserved 1157120K
  class space    used 15326K, capacity 16418K, committed 16500K, reserved 1048576K
}
Event: 39.991 GC heap after
{Heap after GC invocations=55 (full 0):
 garbage-first heap   total 187392K, used 124928K [0x0000000080000000, 0x0000000100000000)
  region size 1024K, 4 young (4096K), 4 survivors (4096K)
 Metaspace       used 120770K, capacity 123626K, committed 123888K, reserved 1157120K
  class space    used 15326K, capacity 16418K, committed 16500K, reserved 1048576K
}
Event: 40.124 GC heap before
{Heap before GC invocations=55 (full 0):
 garbage-first heap   total 187392K, used 143360K [0x0000000080000000, 0x0000000100000000)
  region size 1024K, 22 young (22528K), 4 survivors (4096K)
 Metaspace       used 120797K, capacity 123693K, committed 123888K, reserved 1157120K
  class space    used 15327K, capacity 16418K, committed 16500K, reserved 1048576K
}
Event: 40.138 GC heap after
{Heap after GC invocations=56 (full 0):
 garbage-first heap   total 187392K, used 135580K [0x0000000080000000, 0x0000000100000000)
  region size 1024K, 3 young (3072K), 3 survivors (3072K)
 Metaspace       used 120797K, capacity 123693K, committed 123888K, reserved 1157120K
  class space    used 15327K, capacity 16418K, committed 16500K, reserved 1048576K
}
Event: 40.305 GC heap before
{Heap before GC invocations=57 (full 0):
 garbage-first heap   total 187392K, used 148892K [0x0000000080000000, 0x0000000100000000)
  region size 1024K, 16 young (16384K), 3 survivors (3072K)
 Metaspace       used 120927K, capacity 123844K, committed 124144K, reserved 1157120K
  class space    used 15328K, capacity 16418K, committed 16500K, reserved 1048576K
}
Event: 40.316 GC heap after
{Heap after GC invocations=58 (full 0):
 garbage-first heap   total 187392K, used 139516K [0x0000000080000000, 0x0000000100000000)
  region size 1024K, 2 young (2048K), 2 survivors (2048K)
 Metaspace       used 120927K, capacity 123844K, committed 124144K, reserved 1157120K
  class space    used 15328K, capacity 16418K, committed 16500K, reserved 1048576K
}
Event: 40.378 GC heap before
{Heap before GC invocations=58 (full 0):
 garbage-first heap   total 187392K, used 146684K [0x0000000080000000, 0x0000000100000000)
  region size 1024K, 9 young (9216K), 2 survivors (2048K)
 Metaspace       used 120950K, capacity 123850K, committed 124144K, reserved 1157120K
  class space    used 15328K, capacity 16418K, committed 16500K, reserved 1048576K
}
Event: 40.384 GC heap after
{Heap after GC invocations=59 (full 0):
 garbage-first heap   total 225280K, used 140412K [0x0000000080000000, 0x0000000100000000)
  region size 1024K, 2 young (2048K), 2 survivors (2048K)
 Metaspace       used 120950K, capacity 123850K, committed 124144K, reserved 1157120K
  class space    used 15328K, capacity 16418K, committed 16500K, reserved 1048576K
}
Event: 40.667 GC heap before
{Heap before GC invocations=59 (full 0):
 garbage-first heap   total 225280K, used 166012K [0x0000000080000000, 0x0000000100000000)
  region size 1024K, 26 young (26624K), 2 survivors (2048K)
 Metaspace       used 121016K, capacity 123928K, committed 124144K, reserved 1157120K
  class space    used 15329K, capacity 16419K, committed 16500K, reserved 1048576K
}
Event: 40.677 GC heap after
{Heap after GC invocations=60 (full 0):
 garbage-first heap   total 225280K, used 144926K [0x0000000080000000, 0x0000000100000000)
  region size 1024K, 4 young (4096K), 4 survivors (4096K)
 Metaspace       used 121016K, capacity 123928K, committed 124144K, reserved 1157120K
  class space    used 15329K, capacity 16419K, committed 16500K, reserved 1048576K
}
Event: 41.001 GC heap before
{Heap before GC invocations=60 (full 0):
 garbage-first heap   total 225280K, used 160286K [0x0000000080000000, 0x0000000100000000)
  region size 1024K, 20 young (20480K), 4 survivors (4096K)
 Metaspace       used 121065K, capacity 123933K, committed 124144K, reserved 1157120K
  class space    used 15329K, capacity 16419K, committed 16500K, reserved 1048576K
}
Event: 41.023 GC heap after
{Heap after GC invocations=61 (full 0):
 garbage-first heap   total 225280K, used 147429K [0x0000000080000000, 0x0000000100000000)
  region size 1024K, 3 young (3072K), 3 survivors (3072K)
 Metaspace       used 121065K, capacity 123933K, committed 124144K, reserved 1157120K
  class space    used 15329K, capacity 16419K, committed 16500K, reserved 1048576K
}
Event: 41.492 GC heap before
{Heap before GC invocations=62 (full 0):
 garbage-first heap   total 225280K, used 170981K [0x0000000080000000, 0x0000000100000000)
  region size 1024K, 29 young (29696K), 3 survivors (3072K)
 Metaspace       used 121083K, capacity 123957K, committed 124144K, reserved 1157120K
  class space    used 15319K, capacity 16401K, committed 16500K, reserved 1048576K
}
Event: 41.498 GC heap after
{Heap after GC invocations=63 (full 0):
 garbage-first heap   total 225280K, used 150259K [0x0000000080000000, 0x0000000100000000)
  region size 1024K, 4 young (4096K), 4 survivors (4096K)
 Metaspace       used 121083K, capacity 123957K, committed 124144K, reserved 1157120K
  class space    used 15319K, capacity 16401K, committed 16500K, reserved 1048576K
}
Event: 41.509 GC heap before
{Heap before GC invocations=63 (full 0):
 garbage-first heap   total 225280K, used 157427K [0x0000000080000000, 0x0000000100000000)
  region size 1024K, 11 young (11264K), 4 survivors (4096K)
 Metaspace       used 121083K, capacity 123957K, committed 124144K, reserved 1157120K
  class space    used 15319K, capacity 16401K, committed 16500K, reserved 1048576K
}
Event: 41.516 GC heap after
{Heap after GC invocations=64 (full 0):
 garbage-first heap   total 225280K, used 147493K [0x0000000080000000, 0x0000000100000000)
  region size 1024K, 2 young (2048K), 2 survivors (2048K)
 Metaspace       used 121083K, capacity 123957K, committed 124144K, reserved 1157120K
  class space    used 15319K, capacity 16401K, committed 16500K, reserved 1048576K
}
Event: 41.748 GC heap before
{Heap before GC invocations=64 (full 0):
 garbage-first heap   total 225280K, used 181285K [0x0000000080000000, 0x0000000100000000)
  region size 1024K, 29 young (29696K), 2 survivors (2048K)
 Metaspace       used 121197K, capacity 124047K, committed 124400K, reserved 1157120K
  class space    used 15320K, capacity 16401K, committed 16500K, reserved 1048576K
}

